<?xml version="1.0" encoding="UTF-8"?>
<testng-results ignored="0" total="4" passed="4" failed="0" skipped="0">
  <reporter-output>
  </reporter-output>
  <suite started-at="2026-04-05T14:48:56 IST" name="CrossBrowserSuite" finished-at="2026-04-05T14:49:03 IST" duration-ms="7499">
    <groups>
    </groups>
    <test started-at="2026-04-05T14:48:56 IST" name="ChromeTest" finished-at="2026-04-05T14:49:03 IST" duration-ms="7299">
      <class name="base.LoginTest">
        <test-method is-config="true" signature="setUp(java.lang.String)[pri:0, instance:base.LoginTest@14028087]" started-at="2026-04-05T14:48:56 IST" name="setUp" finished-at="2026-04-05T14:48:58 IST" duration-ms="2502" status="PASS">
          <params>
            <param index="0">
              <value>
                <![CDATA[chrome]]>
              </value>
            </param>
          </params>
          <reporter-output>
          </reporter-output>
        </test-method> <!-- setUp -->
        <test-method signature="verifyInvalidLogin()[pri:0, instance:base.LoginTest@14028087]" started-at="2026-04-05T14:48:58 IST" name="verifyInvalidLogin" finished-at="2026-04-05T14:49:00 IST" duration-ms="1572" status="PASS">
          <reporter-output>
          </reporter-output>
        </test-method> <!-- verifyInvalidLogin -->
        <test-method is-config="true" signature="tearDown()[pri:0, instance:base.LoginTest@14028087]" started-at="2026-04-05T14:49:00 IST" name="tearDown" finished-at="2026-04-05T14:49:00 IST" duration-ms="321" status="PASS">
          <reporter-output>
          </reporter-output>
        </test-method> <!-- tearDown -->
        <test-method is-config="true" signature="setUp(java.lang.String)[pri:0, instance:base.LoginTest@14028087]" started-at="2026-04-05T14:49:00 IST" name="setUp" finished-at="2026-04-05T14:49:02 IST" duration-ms="1934" status="PASS">
          <params>
            <param index="0">
              <value>
                <![CDATA[chrome]]>
              </value>
            </param>
          </params>
          <reporter-output>
          </reporter-output>
        </test-method> <!-- setUp -->
        <test-method signature="verifyLogin()[pri:0, instance:base.LoginTest@14028087]" started-at="2026-04-05T14:49:02 IST" name="verifyLogin" finished-at="2026-04-05T14:49:03 IST" duration-ms="546" status="PASS">
          <reporter-output>
          </reporter-output>
        </test-method> <!-- verifyLogin -->
        <test-method is-config="true" signature="tearDown()[pri:0, instance:base.LoginTest@14028087]" started-at="2026-04-05T14:49:03 IST" name="tearDown" finished-at="2026-04-05T14:49:03 IST" duration-ms="330" status="PASS">
          <reporter-output>
          </reporter-output>
        </test-method> <!-- tearDown -->
      </class> <!-- base.LoginTest -->
    </test> <!-- ChromeTest -->
    <test started-at="2026-04-05T14:48:56 IST" name="FirefoxTest" finished-at="2026-04-05T14:49:03 IST" duration-ms="7499">
      <class name="base.LoginTest">
        <test-method is-config="true" signature="setUp(java.lang.String)[pri:0, instance:base.LoginTest@16150369]" started-at="2026-04-05T14:48:56 IST" name="setUp" finished-at="2026-04-05T14:48:58 IST" duration-ms="2566" status="PASS">
          <params>
            <param index="0">
              <value>
                <![CDATA[firefox]]>
              </value>
            </param>
          </params>
          <reporter-output>
          </reporter-output>
        </test-method> <!-- setUp -->
        <test-method signature="verifyInvalidLogin()[pri:0, instance:base.LoginTest@16150369]" started-at="2026-04-05T14:48:58 IST" name="verifyInvalidLogin" finished-at="2026-04-05T14:49:00 IST" duration-ms="1509" status="PASS">
          <reporter-output>
          </reporter-output>
        </test-method> <!-- verifyInvalidLogin -->
        <test-method is-config="true" signature="tearDown()[pri:0, instance:base.LoginTest@16150369]" started-at="2026-04-05T14:49:00 IST" name="tearDown" finished-at="2026-04-05T14:49:00 IST" duration-ms="401" status="PASS">
          <reporter-output>
          </reporter-output>
        </test-method> <!-- tearDown -->
        <test-method is-config="true" signature="setUp(java.lang.String)[pri:0, instance:base.LoginTest@16150369]" started-at="2026-04-05T14:49:00 IST" name="setUp" finished-at="2026-04-05T14:49:02 IST" duration-ms="1944" status="PASS">
          <params>
            <param index="0">
              <value>
                <![CDATA[firefox]]>
              </value>
            </param>
          </params>
          <reporter-output>
          </reporter-output>
        </test-method> <!-- setUp -->
        <test-method signature="verifyLogin()[pri:0, instance:base.LoginTest@16150369]" started-at="2026-04-05T14:49:02 IST" name="verifyLogin" finished-at="2026-04-05T14:49:03 IST" duration-ms="692" status="PASS">
          <reporter-output>
          </reporter-output>
        </test-method> <!-- verifyLogin -->
        <test-method is-config="true" signature="tearDown()[pri:0, instance:base.LoginTest@16150369]" started-at="2026-04-05T14:49:03 IST" name="tearDown" finished-at="2026-04-05T14:49:03 IST" duration-ms="296" status="PASS">
          <reporter-output>
          </reporter-output>
        </test-method> <!-- tearDown -->
      </class> <!-- base.LoginTest -->
    </test> <!-- FirefoxTest -->
  </suite> <!-- CrossBrowserSuite -->
</testng-results>
