<?xml version="1.0" encoding="UTF-8"?>
<!-- Generated by org.testng.reporters.JUnitReportReporter -->
<testsuite hostname="LAPTOP-2513UC9B" failures="0" tests="4" name="base.LoginTest" time="14.613" errors="0" timestamp="2026-04-05T14:49:03 IST" skipped="0">
  <testcase classname="base.LoginTest" name="verifyInvalidLogin" time="4.371"/>
  <testcase classname="base.LoginTest" name="verifyLogin" time="2.801"/>
  <testcase classname="base.LoginTest" name="verifyInvalidLogin" time="4.404"/>
  <testcase classname="base.LoginTest" name="verifyLogin" time="3.037"/>
</testsuite> <!-- base.LoginTest -->
